<?xml version="1.0" encoding="utf-8"?><testsuites name="pytest tests"><testsuite name="pytest" errors="0" failures="0" skipped="0" tests="34" time="5.018" timestamp="2026-07-20T15:08:08.338841+00:00" hostname="agent-env-ae257702-ac8f-4eee-a24b-be672ccd22a1"><testcase classname="backend.tests.backend_test" name="test_health" time="0.267" /><testcase classname="backend.tests.backend_test" name="test_jobs_list" time="0.067" /><testcase classname="backend.tests.backend_test" name="test_articles_list" time="0.067" /><testcase classname="backend.tests.backend_test" name="test_articles_filter_editorial" time="0.063" /><testcase classname="backend.tests.backend_test" name="test_article_by_slug" time="0.065" /><testcase classname="backend.tests.backend_test" name="test_research_list" time="0.066" /><testcase classname="backend.tests.backend_test" name="test_contact_create" time="0.068" /><testcase classname="backend.tests.backend_test" name="test_investor_lead_and_deck" time="0.185" /><testcase classname="backend.tests.backend_test" name="test_career_application" time="0.092" /><testcase classname="backend.tests.backend_test" name="test_internship_application" time="0.099" /><testcase classname="backend.tests.backend_test" name="test_upload_resume_pdf" time="0.121" /><testcase classname="backend.tests.backend_test" name="test_upload_resume_rejects_bad_ext" time="0.183" /><testcase classname="backend.tests.backend_test" name="test_login_success" time="0.304" /><testcase classname="backend.tests.backend_test" name="test_login_wrong_password" time="0.296" /><testcase classname="backend.tests.backend_test" name="test_me_with_token" time="0.364" /><testcase classname="backend.tests.backend_test" name="test_me_without_token" time="0.121" /><testcase classname="backend.tests.backend_test" name="test_admin_stats" time="0.069" /><testcase classname="backend.tests.backend_test" name="test_admin_list_endpoints[/admin/contacts]" time="0.069" /><testcase classname="backend.tests.backend_test" name="test_admin_list_endpoints[/admin/investor-leads]" time="0.068" /><testcase classname="backend.tests.backend_test" name="test_admin_list_endpoints[/admin/career-applications]" time="0.067" /><testcase classname="backend.tests.backend_test" name="test_admin_list_endpoints[/admin/internships]" time="0.071" /><testcase classname="backend.tests.backend_test" name="test_admin_list_endpoints[/admin/articles]" time="0.064" /><testcase classname="backend.tests.backend_test" name="test_admin_list_endpoints[/admin/jobs]" time="0.067" /><testcase classname="backend.tests.backend_test" name="test_admin_article_crud" time="0.470" /><testcase classname="backend.tests.backend_test" name="test_admin_job_create_delete" time="0.132" /><testcase classname="backend.tests.backend_test" name="test_admin_requires_auth[/admin/stats-get]" time="0.149" /><testcase classname="backend.tests.backend_test" name="test_admin_requires_auth[/admin/contacts-get]" time="0.180" /><testcase classname="backend.tests.backend_test" name="test_admin_requires_auth[/admin/investor-leads-get]" time="0.188" /><testcase classname="backend.tests.backend_test" name="test_admin_requires_auth[/admin/career-applications-get]" time="0.143" /><testcase classname="backend.tests.backend_test" name="test_admin_requires_auth[/admin/internships-get]" time="0.144" /><testcase classname="backend.tests.backend_test" name="test_admin_requires_auth[/admin/articles-get]" time="0.106" /><testcase classname="backend.tests.backend_test" name="test_admin_requires_auth[/admin/jobs-get]" time="0.120" /><testcase classname="backend.tests.backend_test" name="test_admin_requires_auth[/admin/articles-post]" time="0.115" /><testcase classname="backend.tests.backend_test" name="test_admin_requires_auth[/admin/jobs-post]" time="0.102" /></testsuite></testsuites>